MariaDB [employees]> source employees_queries.sql
Database changed
+--------+-----------+------------+-----------------+
| emp_no | last_name | first_name | max_sal_min_sal |
+--------+-----------+------------+-----------------+
|  10001 | Facello   | Georgi     |           28841 |
|  10002 | Simmel    | Bezalel    |            6699 |
|  10003 | Bamford   | Parto      |            3693 |
|  10004 | Koblick   | Chirstian  |           34003 |
|  10005 | Maliniak  | Kyoichi    |           16464 |
+--------+-----------+------------+-----------------+
5 rows in set (0.00 sec)

+--------+-----------+------------+-----------------+
| emp_no | last_name | first_name | max_sal_min_sal |
+--------+-----------+------------+-----------------+
|  10001 | Facello   | Georgi     |           28841 |
|  10004 | Koblick   | Chirstian  |           34003 |
|  10006 | Preusig   | Anneke     |           20098 |
|  10007 | Zielinski | Tzvetan    |           31346 |
|  10009 | Peac      | Sumant     |           33514 |
+--------+-----------+------------+-----------------+
5 rows in set (0.00 sec)

+--------+-----------+------------+-----------------+
| emp_no | last_name | first_name | max_sal_min_sal |
+--------+-----------+------------+-----------------+
|  43145 | Frijda    | Fumino     |           53875 |
| 204805 | Crouzet   | Nimmagadda |           53425 |
| 446888 | Iisaku    | Ishfaq     |           53261 |
|  13386 | Sgarro    | Khosrow    |           53014 |
| 102654 | Makinen   | Gregory    |           52827 |
+--------+-----------+------------+-----------------+
5 rows in set (0.00 sec)

+-------------------------------------------+
| # employees with salary increase > 20,000 |
+-------------------------------------------+
|                                    115254 |
+-------------------------------------------+
1 row in set (0.00 sec)

+----------------------------------------------------------+
| # employees with salary increase >= 10,000 and <= 20,000 |
+----------------------------------------------------------+
|                                                    94811 |
+----------------------------------------------------------+
1 row in set (0.00 sec)

+-------------------------------------------+
| # employees with salary increase < 10,000 |
+-------------------------------------------+
|                                     89959 |
+-------------------------------------------+
1 row in set (0.00 sec)

MariaDB [employees]> \! vi employees_queries_output.log
MariaDB [employees]> quit
